<?xml version="1.0" encoding="UTF-8"?>
<testsuite name="com.Brdgelab.NIOFileAPITest" tests="1" skipped="0" failures="0" errors="0" timestamp="2021-08-14T18:23:27" hostname="DESKTOP-I2EONEO" time="0.132">
  <properties/>
  <testcase name="givenPathWhenCheckedThenConfirm()" classname="com.Brdgelab.NIOFileAPITest" time="0.132"/>
  <system-out><![CDATA[]]></system-out>
  <system-err><![CDATA[]]></system-err>
</testsuite>
